<?xml version="1.0" encoding="UTF-8"?>
<testng-results skipped="0" failed="0" total="1" passed="1">
  <reporter-output>
  </reporter-output>
  <suite name="testing.NewTest" duration-ms="42" started-at="2020-02-21T09:59:58Z" finished-at="2020-02-21T09:59:58Z">
    <groups>
    </groups>
    <test name="Command line test" duration-ms="42" started-at="2020-02-21T09:59:58Z" finished-at="2020-02-21T09:59:58Z">
      <class name="testing.NewTest">
        <test-method status="PASS" signature="f()[pri:0, instance:testing.NewTest@880ec60]" name="f" duration-ms="16" started-at="2020-02-21T15:29:58Z" finished-at="2020-02-21T15:29:58Z">
          <reporter-output>
          </reporter-output>
        </test-method> <!-- f -->
      </class> <!-- testing.NewTest -->
    </test> <!-- Command line test -->
  </suite> <!-- testing.NewTest -->
</testng-results>
